<?xml version="1.0" encoding="UTF-8"?>
<coverage generated="1755394101066" clover="3.2.0">
  <project timestamp="1755394101066" name="All files">
    <metrics statements="80" coveredstatements="34" conditionals="19" coveredconditionals="5" methods="16" coveredmethods="12" elements="115" coveredelements="51" complexity="0" loc="80" ncloc="80" packages="6" files="9" classes="9"/>
    <package name="src.app.controllers">
      <metrics statements="31" coveredstatements="15" conditionals="6" coveredconditionals="3" methods="2" coveredmethods="1"/>
      <file name="auth.controller.js" path="/home/silas/projetoVini/mail/src/app/controllers/auth.controller.js">
        <metrics statements="31" coveredstatements="15" conditionals="6" coveredconditionals="3" methods="2" coveredmethods="1"/>
        <line num="48" count="2" type="stmt"/>
        <line num="49" count="2" type="stmt"/>
        <line num="50" count="2" type="stmt"/>
        <line num="52" count="2" type="cond" truecount="2" falsecount="0"/>
        <line num="53" count="1" type="stmt"/>
        <line num="54" count="1" type="stmt"/>
        <line num="58" count="1" type="stmt"/>
        <line num="61" count="1" type="cond" truecount="1" falsecount="1"/>
        <line num="62" count="0" type="stmt"/>
        <line num="63" count="0" type="stmt"/>
        <line num="67" count="1" type="stmt"/>
        <line num="69" count="1" type="stmt"/>
        <line num="71" count="1" type="stmt"/>
        <line num="72" count="1" type="stmt"/>
        <line num="74" count="1" type="stmt"/>
        <line num="76" count="1" type="stmt"/>
        <line num="83" count="0" type="stmt"/>
        <line num="84" count="0" type="stmt"/>
        <line num="88" count="2" type="stmt"/>
        <line num="89" count="0" type="stmt"/>
        <line num="90" count="0" type="stmt"/>
        <line num="92" count="0" type="cond" truecount="0" falsecount="2"/>
        <line num="93" count="0" type="stmt"/>
        <line num="94" count="0" type="stmt"/>
        <line num="97" count="0" type="stmt"/>
        <line num="99" count="0" type="stmt"/>
        <line num="101" count="0" type="stmt"/>
        <line num="103" count="0" type="stmt"/>
        <line num="105" count="0" type="stmt"/>
        <line num="110" count="0" type="stmt"/>
        <line num="111" count="0" type="stmt"/>
      </file>
    </package>
    <package name="src.app.models">
      <metrics statements="2" coveredstatements="1" conditionals="0" coveredconditionals="0" methods="1" coveredmethods="0"/>
      <file name="User.js" path="/home/silas/projetoVini/mail/src/app/models/User.js">
        <metrics statements="2" coveredstatements="1" conditionals="0" coveredconditionals="0" methods="1" coveredmethods="0"/>
        <line num="3" count="1" type="stmt"/>
        <line num="7" count="0" type="stmt"/>
      </file>
    </package>
    <package name="src.app.services">
      <metrics statements="31" coveredstatements="2" conditionals="6" coveredconditionals="0" methods="2" coveredmethods="0"/>
      <file name="auth.service.js" path="/home/silas/projetoVini/mail/src/app/services/auth.service.js">
        <metrics statements="31" coveredstatements="2" conditionals="6" coveredconditionals="0" methods="2" coveredmethods="0"/>
        <line num="66" count="1" type="stmt"/>
        <line num="67" count="0" type="stmt"/>
        <line num="69" count="0" type="stmt"/>
        <line num="71" count="0" type="cond" truecount="0" falsecount="2"/>
        <line num="72" count="0" type="stmt"/>
        <line num="73" count="0" type="stmt"/>
        <line num="74" count="0" type="stmt"/>
        <line num="75" count="0" type="stmt"/>
        <line num="78" count="0" type="stmt"/>
        <line num="80" count="0" type="stmt"/>
        <line num="86" count="0" type="stmt"/>
        <line num="88" count="0" type="stmt"/>
        <line num="99" count="0" type="stmt"/>
        <line num="101" count="0" type="stmt"/>
        <line num="104" count="1" type="stmt"/>
        <line num="105" count="0" type="stmt"/>
        <line num="107" count="0" type="stmt"/>
        <line num="109" count="0" type="cond" truecount="0" falsecount="2"/>
        <line num="110" count="0" type="stmt"/>
        <line num="111" count="0" type="stmt"/>
        <line num="112" count="0" type="stmt"/>
        <line num="113" count="0" type="stmt"/>
        <line num="116" count="0" type="stmt"/>
        <line num="118" count="0" type="cond" truecount="0" falsecount="2"/>
        <line num="119" count="0" type="stmt"/>
        <line num="120" count="0" type="stmt"/>
        <line num="121" count="0" type="stmt"/>
        <line num="122" count="0" type="stmt"/>
        <line num="125" count="0" type="stmt"/>
        <line num="136" count="0" type="stmt"/>
        <line num="138" count="0" type="stmt"/>
      </file>
    </package>
    <package name="src.app.validations">
      <metrics statements="2" coveredstatements="2" conditionals="0" coveredconditionals="0" methods="0" coveredmethods="0"/>
      <file name="auth.validation.js" path="/home/silas/projetoVini/mail/src/app/validations/auth.validation.js">
        <metrics statements="2" coveredstatements="2" conditionals="0" coveredconditionals="0" methods="0" coveredmethods="0"/>
        <line num="3" count="1" type="stmt"/>
        <line num="38" count="1" type="stmt"/>
      </file>
    </package>
    <package name="tests.factories">
      <metrics statements="1" coveredstatements="1" conditionals="1" coveredconditionals="0" methods="1" coveredmethods="1"/>
      <file name="user.factory.js" path="/home/silas/projetoVini/mail/tests/factories/user.factory.js">
        <metrics statements="1" coveredstatements="1" conditionals="1" coveredconditionals="0" methods="1" coveredmethods="1"/>
        <line num="4" count="2" type="stmt"/>
      </file>
    </package>
    <package name="tests.mocks">
      <metrics statements="13" coveredstatements="13" conditionals="6" coveredconditionals="2" methods="10" coveredmethods="10"/>
      <file name="http.mock.js" path="/home/silas/projetoVini/mail/tests/mocks/http.mock.js">
        <metrics statements="3" coveredstatements="3" conditionals="1" coveredconditionals="0" methods="3" coveredmethods="3"/>
        <line num="5" count="2" type="cond" truecount="0" falsecount="1"/>
        <line num="12" count="2" type="stmt"/>
        <line num="17" count="2" type="stmt"/>
      </file>
      <file name="logger.mock.js" path="/home/silas/projetoVini/mail/tests/mocks/logger.mock.js">
        <metrics statements="5" coveredstatements="5" conditionals="0" coveredconditionals="0" methods="2" coveredmethods="2"/>
        <line num="3" count="1" type="stmt"/>
        <line num="5" count="1" type="stmt"/>
        <line num="6" count="2" type="stmt"/>
        <line num="11" count="2" type="stmt"/>
        <line num="13" count="2" type="stmt"/>
      </file>
      <file name="mock.auth.service.js" path="/home/silas/projetoVini/mail/tests/mocks/mock.auth.service.js">
        <metrics statements="3" coveredstatements="3" conditionals="0" coveredconditionals="0" methods="3" coveredmethods="3"/>
        <line num="3" count="1" type="stmt"/>
        <line num="4" count="1" type="stmt"/>
        <line num="6" count="1" type="stmt"/>
      </file>
      <file name="mock.validation.schema.js" path="/home/silas/projetoVini/mail/tests/mocks/mock.validation.schema.js">
        <metrics statements="2" coveredstatements="2" conditionals="5" coveredconditionals="2" methods="2" coveredmethods="2"/>
        <line num="3" count="1" type="cond" truecount="0" falsecount="1"/>
        <line num="4" count="1" type="stmt"/>
      </file>
    </package>
  </project>
</coverage>
