{"/home/silas/projetoVini/mail/src/app/controllers/auth.controller.js": {"path":"/home/silas/projetoVini/mail/src/app/controllers/auth.controller.js","statementMap":{"0":{"start":{"line":48,"column":24},"end":{"line":86,"column":1}},"1":{"start":{"line":49,"column":2},"end":{"line":85,"column":3}},"2":{"start":{"line":50,"column":38},"end":{"line":50,"column":46}},"3":{"start":{"line":52,"column":4},"end":{"line":55,"column":5}},"4":{"start":{"line":53,"column":6},"end":{"line":53,"column":86}},"5":{"start":{"line":54,"column":6},"end":{"line":54,"column":101}},"6":{"start":{"line":58,"column":22},"end":{"line":58,"column":55}},"7":{"start":{"line":61,"column":4},"end":{"line":64,"column":5}},"8":{"start":{"line":62,"column":6},"end":{"line":62,"column":93}},"9":{"start":{"line":63,"column":6},"end":{"line":63,"column":73}},"10":{"start":{"line":67,"column":4},"end":{"line":67,"column":76}},"11":{"start":{"line":69,"column":28},"end":{"line":69,"column":76}},"12":{"start":{"line":71,"column":21},"end":{"line":71,"column":46}},"13":{"start":{"line":72,"column":4},"end":{"line":72,"column":34}},"14":{"start":{"line":74,"column":4},"end":{"line":74,"column":72}},"15":{"start":{"line":76,"column":4},"end":{"line":80,"column":7}},"16":{"start":{"line":83,"column":4},"end":{"line":83,"column":98}},"17":{"start":{"line":84,"column":4},"end":{"line":84,"column":14}},"18":{"start":{"line":88,"column":21},"end":{"line":113,"column":1}},"19":{"start":{"line":89,"column":2},"end":{"line":112,"column":3}},"20":{"start":{"line":90,"column":22},"end":{"line":90,"column":52}},"21":{"start":{"line":92,"column":4},"end":{"line":95,"column":5}},"22":{"start":{"line":93,"column":6},"end":{"line":93,"column":89}},"23":{"start":{"line":94,"column":6},"end":{"line":94,"column":73}},"24":{"start":{"line":97,"column":32},"end":{"line":97,"column":40}},"25":{"start":{"line":99,"column":4},"end":{"line":99,"column":70}},"26":{"start":{"line":101,"column":18},"end":{"line":101,"column":57}},"27":{"start":{"line":103,"column":4},"end":{"line":103,"column":69}},"28":{"start":{"line":105,"column":4},"end":{"line":108,"column":7}},"29":{"start":{"line":110,"column":4},"end":{"line":110,"column":95}},"30":{"start":{"line":111,"column":4},"end":{"line":111,"column":14}}},"fnMap":{"0":{"name":"(anonymous_0)","decl":{"start":{"line":48,"column":24},"end":{"line":48,"column":25}},"loc":{"start":{"line":48,"column":50},"end":{"line":86,"column":1}},"line":48},"1":{"name":"(anonymous_1)","decl":{"start":{"line":88,"column":21},"end":{"line":88,"column":22}},"loc":{"start":{"line":88,"column":47},"end":{"line":113,"column":1}},"line":88}},"branchMap":{"0":{"loc":{"start":{"line":52,"column":4},"end":{"line":55,"column":5}},"type":"if","locations":[{"start":{"line":52,"column":4},"end":{"line":55,"column":5}},{"start":{},"end":{}}],"line":52},"1":{"loc":{"start":{"line":61,"column":4},"end":{"line":64,"column":5}},"type":"if","locations":[{"start":{"line":61,"column":4},"end":{"line":64,"column":5}},{"start":{},"end":{}}],"line":61},"2":{"loc":{"start":{"line":92,"column":4},"end":{"line":95,"column":5}},"type":"if","locations":[{"start":{"line":92,"column":4},"end":{"line":95,"column":5}},{"start":{},"end":{}}],"line":92}},"s":{"0":2,"1":2,"2":2,"3":2,"4":1,"5":1,"6":1,"7":1,"8":0,"9":0,"10":1,"11":1,"12":1,"13":1,"14":1,"15":1,"16":0,"17":0,"18":2,"19":0,"20":0,"21":0,"22":0,"23":0,"24":0,"25":0,"26":0,"27":0,"28":0,"29":0,"30":0},"f":{"0":2,"1":0},"b":{"0":[1,1],"1":[0,1],"2":[0,0]},"_coverageSchema":"1a1c01bbd47fc00a2c39e90264f33305004495a9","hash":"56d35dceebf300599da0ffc62dd9345e5b20341a"}
,"/home/silas/projetoVini/mail/src/app/models/User.js": {"path":"/home/silas/projetoVini/mail/src/app/models/User.js","statementMap":{"0":{"start":{"line":3,"column":0},"end":{"line":3,"column":15}},"1":{"start":{"line":7,"column":4},"end":{"line":20,"column":5}}},"fnMap":{"0":{"name":"(anonymous_0)","decl":{"start":{"line":6,"column":2},"end":{"line":6,"column":3}},"loc":{"start":{"line":6,"column":30},"end":{"line":21,"column":3}},"line":6}},"branchMap":{},"s":{"0":1,"1":0},"f":{"0":0},"b":{},"_coverageSchema":"1a1c01bbd47fc00a2c39e90264f33305004495a9","hash":"14b2ad8e976167bc75fd9ecb42da594461ff84e4"}
,"/home/silas/projetoVini/mail/src/app/services/auth.service.js": {"path":"/home/silas/projetoVini/mail/src/app/services/auth.service.js","statementMap":{"0":{"start":{"line":66,"column":24},"end":{"line":102,"column":1}},"1":{"start":{"line":67,"column":2},"end":{"line":67,"column":71}},"2":{"start":{"line":69,"column":23},"end":{"line":69,"column":63}},"3":{"start":{"line":71,"column":2},"end":{"line":76,"column":3}},"4":{"start":{"line":72,"column":4},"end":{"line":72,"column":69}},"5":{"start":{"line":73,"column":18},"end":{"line":73,"column":50}},"6":{"start":{"line":74,"column":4},"end":{"line":74,"column":27}},"7":{"start":{"line":75,"column":4},"end":{"line":75,"column":16}},"8":{"start":{"line":78,"column":24},"end":{"line":78,"column":55}},"9":{"start":{"line":80,"column":15},"end":{"line":84,"column":4}},"10":{"start":{"line":86,"column":2},"end":{"line":86,"column":80}},"11":{"start":{"line":88,"column":16},"end":{"line":97,"column":3}},"12":{"start":{"line":99,"column":2},"end":{"line":99,"column":65}},"13":{"start":{"line":101,"column":2},"end":{"line":101,"column":25}},"14":{"start":{"line":104,"column":21},"end":{"line":139,"column":1}},"15":{"start":{"line":105,"column":2},"end":{"line":105,"column":65}},"16":{"start":{"line":107,"column":15},"end":{"line":107,"column":55}},"17":{"start":{"line":109,"column":2},"end":{"line":114,"column":3}},"18":{"start":{"line":110,"column":4},"end":{"line":110,"column":71}},"19":{"start":{"line":111,"column":18},"end":{"line":111,"column":53}},"20":{"start":{"line":112,"column":4},"end":{"line":112,"column":27}},"21":{"start":{"line":113,"column":4},"end":{"line":113,"column":16}},"22":{"start":{"line":116,"column":24},"end":{"line":116,"column":74}},"23":{"start":{"line":118,"column":2},"end":{"line":123,"column":3}},"24":{"start":{"line":119,"column":4},"end":{"line":119,"column":66}},"25":{"start":{"line":120,"column":18},"end":{"line":120,"column":52}},"26":{"start":{"line":121,"column":4},"end":{"line":121,"column":27}},"27":{"start":{"line":122,"column":4},"end":{"line":122,"column":16}},"28":{"start":{"line":125,"column":16},"end":{"line":134,"column":3}},"29":{"start":{"line":136,"column":2},"end":{"line":136,"column":62}},"30":{"start":{"line":138,"column":2},"end":{"line":138,"column":15}}},"fnMap":{"0":{"name":"(anonymous_0)","decl":{"start":{"line":66,"column":24},"end":{"line":66,"column":25}},"loc":{"start":{"line":66,"column":61},"end":{"line":102,"column":1}},"line":66},"1":{"name":"(anonymous_1)","decl":{"start":{"line":104,"column":21},"end":{"line":104,"column":22}},"loc":{"start":{"line":104,"column":52},"end":{"line":139,"column":1}},"line":104}},"branchMap":{"0":{"loc":{"start":{"line":71,"column":2},"end":{"line":76,"column":3}},"type":"if","locations":[{"start":{"line":71,"column":2},"end":{"line":76,"column":3}},{"start":{},"end":{}}],"line":71},"1":{"loc":{"start":{"line":109,"column":2},"end":{"line":114,"column":3}},"type":"if","locations":[{"start":{"line":109,"column":2},"end":{"line":114,"column":3}},{"start":{},"end":{}}],"line":109},"2":{"loc":{"start":{"line":118,"column":2},"end":{"line":123,"column":3}},"type":"if","locations":[{"start":{"line":118,"column":2},"end":{"line":123,"column":3}},{"start":{},"end":{}}],"line":118}},"s":{"0":1,"1":0,"2":0,"3":0,"4":0,"5":0,"6":0,"7":0,"8":0,"9":0,"10":0,"11":0,"12":0,"13":0,"14":1,"15":0,"16":0,"17":0,"18":0,"19":0,"20":0,"21":0,"22":0,"23":0,"24":0,"25":0,"26":0,"27":0,"28":0,"29":0,"30":0},"f":{"0":0,"1":0},"b":{"0":[0,0],"1":[0,0],"2":[0,0]},"_coverageSchema":"1a1c01bbd47fc00a2c39e90264f33305004495a9","hash":"9a5e1d361c98f0a1d7bfcaf2fb858a0f41c1aef8"}
,"/home/silas/projetoVini/mail/src/app/validations/auth.validation.js": {"path":"/home/silas/projetoVini/mail/src/app/validations/auth.validation.js","statementMap":{"0":{"start":{"line":3,"column":30},"end":{"line":35,"column":2}},"1":{"start":{"line":38,"column":27},"end":{"line":56,"column":2}}},"fnMap":{},"branchMap":{},"s":{"0":1,"1":1},"f":{},"b":{},"_coverageSchema":"1a1c01bbd47fc00a2c39e90264f33305004495a9","hash":"0ffa61a0ad886282ed97fef76bca063800fa7f1d"}
,"/home/silas/projetoVini/mail/tests/factories/user.factory.js": {"path":"/home/silas/projetoVini/mail/tests/factories/user.factory.js","statementMap":{"0":{"start":{"line":4,"column":2},"end":{"line":9,"column":4}}},"fnMap":{"0":{"name":"userPayload","decl":{"start":{"line":3,"column":16},"end":{"line":3,"column":27}},"loc":{"start":{"line":3,"column":44},"end":{"line":10,"column":1}},"line":3}},"branchMap":{"0":{"loc":{"start":{"line":3,"column":28},"end":{"line":3,"column":42}},"type":"default-arg","locations":[{"start":{"line":3,"column":40},"end":{"line":3,"column":42}}],"line":3}},"s":{"0":2},"f":{"0":2},"b":{"0":[0]},"_coverageSchema":"1a1c01bbd47fc00a2c39e90264f33305004495a9","hash":"08c911b27979d7f1344fb918890d3b3363fcf9a9"}
,"/home/silas/projetoVini/mail/tests/mocks/http.mock.js": {"path":"/home/silas/projetoVini/mail/tests/mocks/http.mock.js","statementMap":{"0":{"start":{"line":5,"column":23},"end":{"line":10,"column":2}},"1":{"start":{"line":5,"column":44},"end":{"line":10,"column":1}},"2":{"start":{"line":12,"column":23},"end":{"line":15,"column":2}},"3":{"start":{"line":12,"column":30},"end":{"line":15,"column":1}},"4":{"start":{"line":17,"column":24},"end":{"line":17,"column":39}},"5":{"start":{"line":17,"column":30},"end":{"line":17,"column":39}}},"fnMap":{"0":{"name":"(anonymous_0)","decl":{"start":{"line":5,"column":23},"end":{"line":5,"column":24}},"loc":{"start":{"line":5,"column":44},"end":{"line":10,"column":1}},"line":5},"1":{"name":"(anonymous_1)","decl":{"start":{"line":12,"column":23},"end":{"line":12,"column":24}},"loc":{"start":{"line":12,"column":30},"end":{"line":15,"column":1}},"line":12},"2":{"name":"(anonymous_2)","decl":{"start":{"line":17,"column":24},"end":{"line":17,"column":25}},"loc":{"start":{"line":17,"column":30},"end":{"line":17,"column":39}},"line":17}},"branchMap":{"0":{"loc":{"start":{"line":5,"column":24},"end":{"line":5,"column":38}},"type":"default-arg","locations":[{"start":{"line":5,"column":36},"end":{"line":5,"column":38}}],"line":5}},"s":{"0":1,"1":2,"2":1,"3":2,"4":1,"5":2},"f":{"0":2,"1":2,"2":2},"b":{"0":[0]},"_coverageSchema":"1a1c01bbd47fc00a2c39e90264f33305004495a9","hash":"33fa227b982fe19d4be6f76a48c4628d6bcf09e9"}
,"/home/silas/projetoVini/mail/tests/mocks/logger.mock.js": {"path":"/home/silas/projetoVini/mail/tests/mocks/logger.mock.js","statementMap":{"0":{"start":{"line":3,"column":13},"end":{"line":3,"column":44}},"1":{"start":{"line":5,"column":26},"end":{"line":14,"column":1}},"2":{"start":{"line":6,"column":16},"end":{"line":10,"column":3}},"3":{"start":{"line":11,"column":2},"end":{"line":11,"column":61}},"4":{"start":{"line":11,"column":40},"end":{"line":11,"column":58}},"5":{"start":{"line":13,"column":2},"end":{"line":13,"column":15}}},"fnMap":{"0":{"name":"(anonymous_0)","decl":{"start":{"line":5,"column":26},"end":{"line":5,"column":27}},"loc":{"start":{"line":5,"column":38},"end":{"line":14,"column":1}},"line":5},"1":{"name":"(anonymous_1)","decl":{"start":{"line":11,"column":33},"end":{"line":11,"column":34}},"loc":{"start":{"line":11,"column":40},"end":{"line":11,"column":58}},"line":11}},"branchMap":{},"s":{"0":1,"1":1,"2":2,"3":2,"4":2,"5":2},"f":{"0":2,"1":2},"b":{},"_coverageSchema":"1a1c01bbd47fc00a2c39e90264f33305004495a9","hash":"2d93c410462d08e0be47d167d6bc92e7d4e893da"}
,"/home/silas/projetoVini/mail/tests/mocks/mock.auth.service.js": {"path":"/home/silas/projetoVini/mail/tests/mocks/mock.auth.service.js","statementMap":{"0":{"start":{"line":3,"column":31},"end":{"line":12,"column":1}},"1":{"start":{"line":4,"column":2},"end":{"line":10,"column":6}},"2":{"start":{"line":4,"column":79},"end":{"line":10,"column":3}},"3":{"start":{"line":6,"column":26},"end":{"line":6,"column":85}}},"fnMap":{"0":{"name":"(anonymous_0)","decl":{"start":{"line":3,"column":31},"end":{"line":3,"column":32}},"loc":{"start":{"line":3,"column":37},"end":{"line":12,"column":1}},"line":3},"1":{"name":"(anonymous_1)","decl":{"start":{"line":4,"column":72},"end":{"line":4,"column":73}},"loc":{"start":{"line":4,"column":79},"end":{"line":10,"column":3}},"line":4},"2":{"name":"(anonymous_2)","decl":{"start":{"line":6,"column":19},"end":{"line":6,"column":20}},"loc":{"start":{"line":6,"column":26},"end":{"line":6,"column":85}},"line":6}},"branchMap":{},"s":{"0":1,"1":1,"2":1,"3":1},"f":{"0":1,"1":1,"2":1},"b":{},"_coverageSchema":"1a1c01bbd47fc00a2c39e90264f33305004495a9","hash":"14667bc7ba54f20a28b61d8cd53bb1d87f1a64d9"}
,"/home/silas/projetoVini/mail/tests/mocks/mock.validation.schema.js": {"path":"/home/silas/projetoVini/mail/tests/mocks/mock.validation.schema.js","statementMap":{"0":{"start":{"line":3,"column":36},"end":{"line":12,"column":1}},"1":{"start":{"line":4,"column":2},"end":{"line":11,"column":6}},"2":{"start":{"line":4,"column":85},"end":{"line":11,"column":3}}},"fnMap":{"0":{"name":"(anonymous_0)","decl":{"start":{"line":3,"column":36},"end":{"line":3,"column":37}},"loc":{"start":{"line":3,"column":62},"end":{"line":12,"column":1}},"line":3},"1":{"name":"(anonymous_1)","decl":{"start":{"line":4,"column":78},"end":{"line":4,"column":79}},"loc":{"start":{"line":4,"column":85},"end":{"line":11,"column":3}},"line":4}},"branchMap":{"0":{"loc":{"start":{"line":3,"column":43},"end":{"line":3,"column":57}},"type":"default-arg","locations":[{"start":{"line":3,"column":53},"end":{"line":3,"column":57}}],"line":3},"1":{"loc":{"start":{"line":6,"column":42},"end":{"line":6,"column":117}},"type":"cond-expr","locations":[{"start":{"line":6,"column":52},"end":{"line":6,"column":54}},{"start":{"line":6,"column":57},"end":{"line":6,"column":117}}],"line":6},"2":{"loc":{"start":{"line":9,"column":42},"end":{"line":9,"column":120}},"type":"cond-expr","locations":[{"start":{"line":9,"column":52},"end":{"line":9,"column":54}},{"start":{"line":9,"column":57},"end":{"line":9,"column":120}}],"line":9}},"s":{"0":1,"1":1,"2":1},"f":{"0":1,"1":1},"b":{"0":[0],"1":[1,0],"2":[1,0]},"_coverageSchema":"1a1c01bbd47fc00a2c39e90264f33305004495a9","hash":"f8b6916efedb3b415a48483a5af0eebb47fe323a"}
}
